0 0.0 inf
0 1.0 2.0
0 3.0 4.0
1 5.0 6.0
0 7.0 8.0
1 9.0 10.0
1 11.0 12.0
2 13.0 14.0
0 15.0 16.0
1 17.0 18.0
1 19.0 20.0
2 21.0 22.0
1 23.0 24.0
2 25.0 26.0
2 27.0 28.0
3 29.0 30.0
0 31.0 32.0
1 33.0 34.0
1 35.0 36.0
2 37.0 38.0
1 39.0 40.0
2 41.0 42.0
2 43.0 44.0
3 45.0 46.0
1 47.0 48.0
2 49.0 50.0
2 51.0 52.0
3 53.0 54.0
2 55.0 56.0
3 57.0 58.0
3 59.0 60.0
4 61.0 62.0
0 63.0 64.0
1 65.0 66.0
1 67.0 68.0
2 69.0 70.0
1 71.0 72.0
2 73.0 74.0
2 75.0 76.0
3 77.0 78.0
1 79.0 80.0
2 81.0 82.0
2 83.0 84.0
3 85.0 86.0
2 87.0 88.0
3 89.0 90.0
3 91.0 92.0
4 93.0 94.0
1 95.0 96.0
2 97.0 98.0
2 99.0 100.0
3 101.0 102.0
2 103.0 104.0
3 105.0 106.0
3 107.0 108.0
4 109.0 110.0
2 111.0 112.0
3 113.0 114.0
3 115.0 116.0
4 117.0 118.0
3 119.0 120.0
4 121.0 122.0
4 123.0 124.0
5 125.0 126.0
0 127.0 128.0
1 129.0 130.0
1 131.0 132.0
2 133.0 134.0
1 135.0 136.0
2 137.0 138.0
2 139.0 140.0
3 141.0 142.0
1 143.0 144.0
2 145.0 146.0
2 147.0 148.0
3 149.0 150.0
2 151.0 152.0
3 153.0 154.0
3 155.0 156.0
4 157.0 158.0
1 159.0 160.0
2 161.0 162.0
2 163.0 164.0
3 165.0 166.0
2 167.0 168.0
3 169.0 170.0
3 171.0 172.0
4 173.0 174.0
2 175.0 176.0
3 177.0 178.0
3 179.0 180.0
4 181.0 182.0
3 183.0 184.0
4 185.0 186.0
4 187.0 188.0
5 189.0 190.0
1 191.0 192.0
2 193.0 194.0
2 195.0 196.0
3 197.0 198.0
2 199.0 200.0
3 201.0 202.0
3 203.0 204.0
4 205.0 206.0
2 207.0 208.0
3 209.0 210.0
3 211.0 212.0
4 213.0 214.0
3 215.0 216.0
4 217.0 218.0
4 219.0 220.0
5 221.0 222.0
2 223.0 224.0
3 225.0 226.0
3 227.0 228.0
4 229.0 230.0
3 231.0 232.0
4 233.0 234.0
4 235.0 236.0
5 237.0 238.0
3 239.0 240.0
4 241.0 242.0
4 243.0 244.0
5 245.0 246.0
4 247.0 248.0
5 249.0 250.0
5 251.0 252.0
6 253.0 254.0
0 255.0 256.0
1 257.0 258.0
1 259.0 260.0
2 261.0 262.0
1 263.0 264.0
2 265.0 266.0
2 267.0 268.0
3 269.0 270.0
1 271.0 272.0
2 273.0 274.0
2 275.0 276.0
3 277.0 278.0
2 279.0 280.0
3 281.0 282.0
3 283.0 284.0
4 285.0 286.0
1 287.0 288.0
2 289.0 290.0
2 291.0 292.0
3 293.0 294.0
2 295.0 296.0
3 297.0 298.0
3 299.0 300.0
4 301.0 302.0
2 303.0 304.0
3 305.0 306.0
3 307.0 308.0
4 309.0 310.0
3 311.0 312.0
4 313.0 314.0
4 315.0 316.0
5 317.0 318.0
1 319.0 320.0
2 321.0 322.0
2 323.0 324.0
3 325.0 326.0
2 327.0 328.0
3 329.0 330.0
3 331.0 332.0
4 333.0 334.0
2 335.0 336.0
3 337.0 338.0
3 339.0 340.0
4 341.0 342.0
3 343.0 344.0
4 345.0 346.0
4 347.0 348.0
5 349.0 350.0
2 351.0 352.0
3 353.0 354.0
3 355.0 356.0
4 357.0 358.0
3 359.0 360.0
4 361.0 362.0
4 363.0 364.0
5 365.0 366.0
3 367.0 368.0
4 369.0 370.0
4 371.0 372.0
5 373.0 374.0
4 375.0 376.0
5 377.0 378.0
5 379.0 380.0
6 381.0 382.0
1 383.0 384.0
2 385.0 386.0
2 387.0 388.0
3 389.0 390.0
2 391.0 392.0
3 393.0 394.0
3 395.0 396.0
4 397.0 398.0
2 399.0 400.0
3 401.0 402.0
3 403.0 404.0
4 405.0 406.0
3 407.0 408.0
4 409.0 410.0
4 411.0 412.0
5 413.0 414.0
2 415.0 416.0
3 417.0 418.0
3 419.0 420.0
4 421.0 422.0
3 423.0 424.0
4 425.0 426.0
4 427.0 428.0
5 429.0 430.0
3 431.0 432.0
4 433.0 434.0
4 435.0 436.0
5 437.0 438.0
4 439.0 440.0
5 441.0 442.0
5 443.0 444.0
6 445.0 446.0
2 447.0 448.0
3 449.0 450.0
3 451.0 452.0
4 453.0 454.0
3 455.0 456.0
4 457.0 458.0
4 459.0 460.0
5 461.0 462.0
3 463.0 464.0
4 465.0 466.0
4 467.0 468.0
5 469.0 470.0
4 471.0 472.0
5 473.0 474.0
5 475.0 476.0
6 477.0 478.0
3 479.0 480.0
4 481.0 482.0
4 483.0 484.0
5 485.0 486.0
4 487.0 488.0
5 489.0 490.0
5 491.0 492.0
6 493.0 494.0
4 495.0 496.0
5 497.0 498.0
5 499.0 500.0
6 501.0 502.0
5 503.0 504.0
6 505.0 506.0
6 507.0 508.0
7 509.0 510.0
0 511.0 512.0
1 513.0 514.0
1 515.0 516.0
2 517.0 518.0
1 519.0 520.0
2 521.0 522.0
2 523.0 524.0
3 525.0 526.0
1 527.0 528.0
2 529.0 530.0
2 531.0 532.0
3 533.0 534.0
2 535.0 536.0
3 537.0 538.0
3 539.0 540.0
4 541.0 542.0
1 543.0 544.0
2 545.0 546.0
2 547.0 548.0
3 549.0 550.0
2 551.0 552.0
3 553.0 554.0
3 555.0 556.0
4 557.0 558.0
2 559.0 560.0
3 561.0 562.0
3 563.0 564.0
4 565.0 566.0
3 567.0 568.0
4 569.0 570.0
4 571.0 572.0
5 573.0 574.0
1 575.0 576.0
2 577.0 578.0
2 579.0 580.0
3 581.0 582.0
2 583.0 584.0
3 585.0 586.0
3 587.0 588.0
4 589.0 590.0
2 591.0 592.0
3 593.0 594.0
3 595.0 596.0
4 597.0 598.0
3 599.0 600.0
4 601.0 602.0
4 603.0 604.0
5 605.0 606.0
2 607.0 608.0
3 609.0 610.0
3 611.0 612.0
4 613.0 614.0
3 615.0 616.0
4 617.0 618.0
4 619.0 620.0
5 621.0 622.0
3 623.0 624.0
4 625.0 626.0
4 627.0 628.0
5 629.0 630.0
4 631.0 632.0
5 633.0 634.0
5 635.0 636.0
6 637.0 638.0
1 639.0 640.0
2 641.0 642.0
2 643.0 644.0
3 645.0 646.0
2 647.0 648.0
3 649.0 650.0
3 651.0 652.0
4 653.0 654.0
2 655.0 656.0
3 657.0 658.0
3 659.0 660.0
4 661.0 662.0
3 663.0 664.0
4 665.0 666.0
4 667.0 668.0
5 669.0 670.0
2 671.0 672.0
3 673.0 674.0
3 675.0 676.0
4 677.0 678.0
3 679.0 680.0
4 681.0 682.0
4 683.0 684.0
5 685.0 686.0
3 687.0 688.0
4 689.0 690.0
4 691.0 692.0
5 693.0 694.0
4 695.0 696.0
5 697.0 698.0
5 699.0 700.0
6 701.0 702.0
2 703.0 704.0
3 705.0 706.0
3 707.0 708.0
4 709.0 710.0
3 711.0 712.0
4 713.0 714.0
4 715.0 716.0
5 717.0 718.0
3 719.0 720.0
4 721.0 722.0
4 723.0 724.0
5 725.0 726.0
4 727.0 728.0
5 729.0 730.0
5 731.0 732.0
6 733.0 734.0
3 735.0 736.0
4 737.0 738.0
4 739.0 740.0
5 741.0 742.0
4 743.0 744.0
5 745.0 746.0
5 747.0 748.0
6 749.0 750.0
4 751.0 752.0
5 753.0 754.0
5 755.0 756.0
6 757.0 758.0
5 759.0 760.0
6 761.0 762.0
6 763.0 764.0
7 765.0 766.0
1 767.0 768.0
2 769.0 770.0
2 771.0 772.0
3 773.0 774.0
2 775.0 776.0
3 777.0 778.0
3 779.0 780.0
4 781.0 782.0
2 783.0 784.0
3 785.0 786.0
3 787.0 788.0
4 789.0 790.0
3 791.0 792.0
4 793.0 794.0
4 795.0 796.0
5 797.0 798.0
2 799.0 800.0
3 801.0 802.0
3 803.0 804.0
4 805.0 806.0
3 807.0 808.0
4 809.0 810.0
4 811.0 812.0
5 813.0 814.0
3 815.0 816.0
4 817.0 818.0
4 819.0 820.0
5 821.0 822.0
4 823.0 824.0
5 825.0 826.0
5 827.0 828.0
6 829.0 830.0
2 831.0 832.0
3 833.0 834.0
3 835.0 836.0
4 837.0 838.0
3 839.0 840.0
4 841.0 842.0
4 843.0 844.0
5 845.0 846.0
3 847.0 848.0
4 849.0 850.0
4 851.0 852.0
5 853.0 854.0
4 855.0 856.0
5 857.0 858.0
5 859.0 860.0
6 861.0 862.0
3 863.0 864.0
4 865.0 866.0
4 867.0 868.0
5 869.0 870.0
4 871.0 872.0
5 873.0 874.0
5 875.0 876.0
6 877.0 878.0
4 879.0 880.0
5 881.0 882.0
5 883.0 884.0
6 885.0 886.0
5 887.0 888.0
6 889.0 890.0
6 891.0 892.0
7 893.0 894.0
2 895.0 896.0
3 897.0 898.0
3 899.0 900.0
4 901.0 902.0
3 903.0 904.0
4 905.0 906.0
4 907.0 908.0
5 909.0 910.0
3 911.0 912.0
4 913.0 914.0
4 915.0 916.0
5 917.0 918.0
4 919.0 920.0
5 921.0 922.0
5 923.0 924.0
6 925.0 926.0
3 927.0 928.0
4 929.0 930.0
4 931.0 932.0
5 933.0 934.0
4 935.0 936.0
5 937.0 938.0
5 939.0 940.0
6 941.0 942.0
4 943.0 944.0
5 945.0 946.0
5 947.0 948.0
6 949.0 950.0
5 951.0 952.0
6 953.0 954.0
6 955.0 956.0
7 957.0 958.0
3 959.0 960.0
4 961.0 962.0
4 963.0 964.0
5 965.0 966.0
4 967.0 968.0
5 969.0 970.0
5 971.0 972.0
6 973.0 974.0
4 975.0 976.0
5 977.0 978.0
5 979.0 980.0
6 981.0 982.0
5 983.0 984.0
6 985.0 986.0
6 987.0 988.0
7 989.0 990.0
4 991.0 992.0
5 993.0 994.0
5 995.0 996.0
6 997.0 998.0
5 999.0 1000.0
6 1001.0 1002.0
6 1003.0 1004.0
7 1005.0 1006.0
5 1007.0 1008.0
6 1009.0 1010.0
6 1011.0 1012.0
7 1013.0 1014.0
6 1015.0 1016.0
7 1017.0 1018.0
7 1019.0 1020.0
8 1021.0 1022.0
0 1023.0 1024.0
1 1025.0 1026.0
1 1027.0 1028.0
2 1029.0 1030.0
1 1031.0 1032.0
2 1033.0 1034.0
2 1035.0 1036.0
3 1037.0 1038.0
1 1039.0 1040.0
2 1041.0 1042.0
2 1043.0 1044.0
3 1045.0 1046.0
2 1047.0 1048.0
3 1049.0 1050.0
3 1051.0 1052.0
4 1053.0 1054.0
1 1055.0 1056.0
2 1057.0 1058.0
2 1059.0 1060.0
3 1061.0 1062.0
2 1063.0 1064.0
3 1065.0 1066.0
3 1067.0 1068.0
4 1069.0 1070.0
2 1071.0 1072.0
3 1073.0 1074.0
3 1075.0 1076.0
4 1077.0 1078.0
3 1079.0 1080.0
4 1081.0 1082.0
4 1083.0 1084.0
5 1085.0 1086.0
1 1087.0 1088.0
2 1089.0 1090.0
2 1091.0 1092.0
3 1093.0 1094.0
2 1095.0 1096.0
3 1097.0 1098.0
3 1099.0 1100.0
4 1101.0 1102.0
2 1103.0 1104.0
3 1105.0 1106.0
3 1107.0 1108.0
4 1109.0 1110.0
3 1111.0 1112.0
4 1113.0 1114.0
4 1115.0 1116.0
5 1117.0 1118.0
2 1119.0 1120.0
3 1121.0 1122.0
3 1123.0 1124.0
4 1125.0 1126.0
3 1127.0 1128.0
4 1129.0 1130.0
4 1131.0 1132.0
5 1133.0 1134.0
3 1135.0 1136.0
4 1137.0 1138.0
4 1139.0 1140.0
5 1141.0 1142.0
4 1143.0 1144.0
5 1145.0 1146.0
5 1147.0 1148.0
6 1149.0 1150.0
1 1151.0 1152.0
2 1153.0 1154.0
2 1155.0 1156.0
3 1157.0 1158.0
2 1159.0 1160.0
3 1161.0 1162.0
3 1163.0 1164.0
4 1165.0 1166.0
2 1167.0 1168.0
3 1169.0 1170.0
3 1171.0 1172.0
4 1173.0 1174.0
3 1175.0 1176.0
4 1177.0 1178.0
4 1179.0 1180.0
5 1181.0 1182.0
2 1183.0 1184.0
3 1185.0 1186.0
3 1187.0 1188.0
4 1189.0 1190.0
3 1191.0 1192.0
4 1193.0 1194.0
4 1195.0 1196.0
5 1197.0 1198.0
3 1199.0 1200.0
4 1201.0 1202.0
4 1203.0 1204.0
5 1205.0 1206.0
4 1207.0 1208.0
5 1209.0 1210.0
5 1211.0 1212.0
6 1213.0 1214.0
2 1215.0 1216.0
3 1217.0 1218.0
3 1219.0 1220.0
4 1221.0 1222.0
3 1223.0 1224.0
4 1225.0 1226.0
4 1227.0 1228.0
5 1229.0 1230.0
3 1231.0 1232.0
4 1233.0 1234.0
4 1235.0 1236.0
5 1237.0 1238.0
4 1239.0 1240.0
5 1241.0 1242.0
5 1243.0 1244.0
6 1245.0 1246.0
3 1247.0 1248.0
4 1249.0 1250.0
4 1251.0 1252.0
5 1253.0 1254.0
4 1255.0 1256.0
5 1257.0 1258.0
5 1259.0 1260.0
6 1261.0 1262.0
4 1263.0 1264.0
5 1265.0 1266.0
5 1267.0 1268.0
6 1269.0 1270.0
5 1271.0 1272.0
6 1273.0 1274.0
6 1275.0 1276.0
7 1277.0 1278.0
1 1279.0 1280.0
2 1281.0 1282.0
2 1283.0 1284.0
3 1285.0 1286.0
2 1287.0 1288.0
3 1289.0 1290.0
3 1291.0 1292.0
4 1293.0 1294.0
2 1295.0 1296.0
3 1297.0 1298.0
3 1299.0 1300.0
4 1301.0 1302.0
3 1303.0 1304.0
4 1305.0 1306.0
4 1307.0 1308.0
5 1309.0 1310.0
2 1311.0 1312.0
3 1313.0 1314.0
3 1315.0 1316.0
4 1317.0 1318.0
3 1319.0 1320.0
4 1321.0 1322.0
4 1323.0 1324.0
5 1325.0 1326.0
3 1327.0 1328.0
4 1329.0 1330.0
4 1331.0 1332.0
5 1333.0 1334.0
4 1335.0 1336.0
5 1337.0 1338.0
5 1339.0 1340.0
6 1341.0 1342.0
2 1343.0 1344.0
3 1345.0 1346.0
3 1347.0 1348.0
4 1349.0 1350.0
3 1351.0 1352.0
4 1353.0 1354.0
4 1355.0 1356.0
5 1357.0 1358.0
3 1359.0 1360.0
4 1361.0 1362.0
4 1363.0 1364.0
5 1365.0 1366.0
4 1367.0 1368.0
5 1369.0 1370.0
5 1371.0 1372.0
6 1373.0 1374.0
3 1375.0 1376.0
4 1377.0 1378.0
4 1379.0 1380.0
5 1381.0 1382.0
4 1383.0 1384.0
5 1385.0 1386.0
5 1387.0 1388.0
6 1389.0 1390.0
4 1391.0 1392.0
5 1393.0 1394.0
5 1395.0 1396.0
6 1397.0 1398.0
5 1399.0 1400.0
6 1401.0 1402.0
6 1403.0 1404.0
7 1405.0 1406.0
2 1407.0 1408.0
3 1409.0 1410.0
3 1411.0 1412.0
4 1413.0 1414.0
3 1415.0 1416.0
4 1417.0 1418.0
4 1419.0 1420.0
5 1421.0 1422.0
3 1423.0 1424.0
4 1425.0 1426.0
4 1427.0 1428.0
5 1429.0 1430.0
4 1431.0 1432.0
5 1433.0 1434.0
5 1435.0 1436.0
6 1437.0 1438.0
3 1439.0 1440.0
4 1441.0 1442.0
4 1443.0 1444.0
5 1445.0 1446.0
4 1447.0 1448.0
5 1449.0 1450.0
5 1451.0 1452.0
6 1453.0 1454.0
4 1455.0 1456.0
5 1457.0 1458.0
5 1459.0 1460.0
6 1461.0 1462.0
5 1463.0 1464.0
6 1465.0 1466.0
6 1467.0 1468.0
7 1469.0 1470.0
3 1471.0 1472.0
4 1473.0 1474.0
4 1475.0 1476.0
5 1477.0 1478.0
4 1479.0 1480.0
5 1481.0 1482.0
5 1483.0 1484.0
6 1485.0 1486.0
4 1487.0 1488.0
5 1489.0 1490.0
5 1491.0 1492.0
6 1493.0 1494.0
5 1495.0 1496.0
6 1497.0 1498.0
6 1499.0 1500.0
7 1501.0 1502.0
4 1503.0 1504.0
5 1505.0 1506.0
5 1507.0 1508.0
6 1509.0 1510.0
5 1511.0 1512.0
6 1513.0 1514.0
6 1515.0 1516.0
7 1517.0 1518.0
5 1519.0 1520.0
6 1521.0 1522.0
6 1523.0 1524.0
7 1525.0 1526.0
6 1527.0 1528.0
7 1529.0 1530.0
7 1531.0 1532.0
8 1533.0 1534.0
1 1535.0 1536.0
2 1537.0 1538.0
2 1539.0 1540.0
3 1541.0 1542.0
2 1543.0 1544.0
3 1545.0 1546.0
3 1547.0 1548.0
4 1549.0 1550.0
2 1551.0 1552.0
3 1553.0 1554.0
3 1555.0 1556.0
4 1557.0 1558.0
3 1559.0 1560.0
4 1561.0 1562.0
4 1563.0 1564.0
5 1565.0 1566.0
2 1567.0 1568.0
3 1569.0 1570.0
3 1571.0 1572.0
4 1573.0 1574.0
3 1575.0 1576.0
4 1577.0 1578.0
4 1579.0 1580.0
5 1581.0 1582.0
3 1583.0 1584.0
4 1585.0 1586.0
4 1587.0 1588.0
5 1589.0 1590.0
4 1591.0 1592.0
5 1593.0 1594.0
5 1595.0 1596.0
6 1597.0 1598.0
2 1599.0 1600.0
3 1601.0 1602.0
3 1603.0 1604.0
4 1605.0 1606.0
3 1607.0 1608.0
4 1609.0 1610.0
4 1611.0 1612.0
5 1613.0 1614.0
3 1615.0 1616.0
4 1617.0 1618.0
4 1619.0 1620.0
5 1621.0 1622.0
4 1623.0 1624.0
5 1625.0 1626.0
5 1627.0 1628.0
6 1629.0 1630.0
3 1631.0 1632.0
4 1633.0 1634.0
4 1635.0 1636.0
5 1637.0 1638.0
4 1639.0 1640.0
5 1641.0 1642.0
5 1643.0 1644.0
6 1645.0 1646.0
4 1647.0 1648.0
5 1649.0 1650.0
5 1651.0 1652.0
6 1653.0 1654.0
5 1655.0 1656.0
6 1657.0 1658.0
6 1659.0 1660.0
7 1661.0 1662.0
2 1663.0 1664.0
3 1665.0 1666.0
3 1667.0 1668.0
4 1669.0 1670.0
3 1671.0 1672.0
4 1673.0 1674.0
4 1675.0 1676.0
5 1677.0 1678.0
3 1679.0 1680.0
4 1681.0 1682.0
4 1683.0 1684.0
5 1685.0 1686.0
4 1687.0 1688.0
5 1689.0 1690.0
5 1691.0 1692.0
6 1693.0 1694.0
3 1695.0 1696.0
4 1697.0 1698.0
4 1699.0 1700.0
5 1701.0 1702.0
4 1703.0 1704.0
5 1705.0 1706.0
5 1707.0 1708.0
6 1709.0 1710.0
4 1711.0 1712.0
5 1713.0 1714.0
5 1715.0 1716.0
6 1717.0 1718.0
5 1719.0 1720.0
6 1721.0 1722.0
6 1723.0 1724.0
7 1725.0 1726.0
3 1727.0 1728.0
4 1729.0 1730.0
4 1731.0 1732.0
5 1733.0 1734.0
4 1735.0 1736.0
5 1737.0 1738.0
5 1739.0 1740.0
6 1741.0 1742.0
4 1743.0 1744.0
5 1745.0 1746.0
5 1747.0 1748.0
6 1749.0 1750.0
5 1751.0 1752.0
6 1753.0 1754.0
6 1755.0 1756.0
7 1757.0 1758.0
4 1759.0 1760.0
5 1761.0 1762.0
5 1763.0 1764.0
6 1765.0 1766.0
5 1767.0 1768.0
6 1769.0 1770.0
6 1771.0 1772.0
7 1773.0 1774.0
5 1775.0 1776.0
6 1777.0 1778.0
6 1779.0 1780.0
7 1781.0 1782.0
6 1783.0 1784.0
7 1785.0 1786.0
7 1787.0 1788.0
8 1789.0 1790.0
2 1791.0 1792.0
3 1793.0 1794.0
3 1795.0 1796.0
4 1797.0 1798.0
3 1799.0 1800.0
4 1801.0 1802.0
4 1803.0 1804.0
5 1805.0 1806.0
3 1807.0 1808.0
4 1809.0 1810.0
4 1811.0 1812.0
5 1813.0 1814.0
4 1815.0 1816.0
5 1817.0 1818.0
5 1819.0 1820.0
6 1821.0 1822.0
3 1823.0 1824.0
4 1825.0 1826.0
4 1827.0 1828.0
5 1829.0 1830.0
4 1831.0 1832.0
5 1833.0 1834.0
5 1835.0 1836.0
6 1837.0 1838.0
4 1839.0 1840.0
5 1841.0 1842.0
5 1843.0 1844.0
6 1845.0 1846.0
5 1847.0 1848.0
6 1849.0 1850.0
6 1851.0 1852.0
7 1853.0 1854.0
3 1855.0 1856.0
4 1857.0 1858.0
4 1859.0 1860.0
5 1861.0 1862.0
4 1863.0 1864.0
5 1865.0 1866.0
5 1867.0 1868.0
6 1869.0 1870.0
4 1871.0 1872.0
5 1873.0 1874.0
5 1875.0 1876.0
6 1877.0 1878.0
5 1879.0 1880.0
6 1881.0 1882.0
6 1883.0 1884.0
7 1885.0 1886.0
4 1887.0 1888.0
5 1889.0 1890.0
5 1891.0 1892.0
6 1893.0 1894.0
5 1895.0 1896.0
6 1897.0 1898.0
6 1899.0 1900.0
7 1901.0 1902.0
5 1903.0 1904.0
6 1905.0 1906.0
6 1907.0 1908.0
7 1909.0 1910.0
6 1911.0 1912.0
7 1913.0 1914.0
7 1915.0 1916.0
8 1917.0 1918.0
3 1919.0 1920.0
4 1921.0 1922.0
4 1923.0 1924.0
5 1925.0 1926.0
4 1927.0 1928.0
5 1929.0 1930.0
5 1931.0 1932.0
6 1933.0 1934.0
4 1935.0 1936.0
5 1937.0 1938.0
5 1939.0 1940.0
6 1941.0 1942.0
5 1943.0 1944.0
6 1945.0 1946.0
6 1947.0 1948.0
7 1949.0 1950.0
4 1951.0 1952.0
5 1953.0 1954.0
5 1955.0 1956.0
6 1957.0 1958.0
5 1959.0 1960.0
6 1961.0 1962.0
6 1963.0 1964.0
7 1965.0 1966.0
5 1967.0 1968.0
6 1969.0 1970.0
6 1971.0 1972.0
7 1973.0 1974.0
6 1975.0 1976.0
7 1977.0 1978.0
7 1979.0 1980.0
8 1981.0 1982.0
4 1983.0 1984.0
5 1985.0 1986.0
5 1987.0 1988.0
6 1989.0 1990.0
5 1991.0 1992.0
6 1993.0 1994.0
6 1995.0 1996.0
7 1997.0 1998.0
5 1999.0 2000.0
6 2001.0 2002.0
6 2003.0 2004.0
7 2005.0 2006.0
6 2007.0 2008.0
7 2009.0 2010.0
7 2011.0 2012.0
8 2013.0 2014.0
5 2015.0 2016.0
6 2017.0 2018.0
6 2019.0 2020.0
7 2021.0 2022.0
6 2023.0 2024.0
7 2025.0 2026.0
7 2027.0 2028.0
8 2029.0 2030.0
6 2031.0 2032.0
7 2033.0 2034.0
7 2035.0 2036.0
8 2037.0 2038.0
7 2039.0 2040.0
8 2041.0 2042.0
8 2043.0 2044.0
9 2045.0 2046.0
0 2047.0 2048.0
1 2049.0 2050.0
1 2051.0 2052.0
2 2053.0 2054.0
1 2055.0 2056.0
2 2057.0 2058.0
2 2059.0 2060.0
3 2061.0 2062.0
1 2063.0 2064.0
2 2065.0 2066.0
2 2067.0 2068.0
3 2069.0 2070.0
2 2071.0 2072.0
3 2073.0 2074.0
3 2075.0 2076.0
4 2077.0 2078.0
1 2079.0 2080.0
2 2081.0 2082.0
2 2083.0 2084.0
3 2085.0 2086.0
2 2087.0 2088.0
3 2089.0 2090.0
3 2091.0 2092.0
4 2093.0 2094.0
2 2095.0 2096.0
3 2097.0 2098.0
3 2099.0 2100.0
4 2101.0 2102.0
3 2103.0 2104.0
4 2105.0 2106.0
4 2107.0 2108.0
5 2109.0 2110.0
1 2111.0 2112.0
2 2113.0 2114.0
2 2115.0 2116.0
3 2117.0 2118.0
2 2119.0 2120.0
3 2121.0 2122.0
3 2123.0 2124.0
4 2125.0 2126.0
2 2127.0 2128.0
3 2129.0 2130.0
3 2131.0 2132.0
4 2133.0 2134.0
3 2135.0 2136.0
4 2137.0 2138.0
4 2139.0 2140.0
5 2141.0 2142.0
2 2143.0 2144.0
3 2145.0 2146.0
3 2147.0 2148.0
4 2149.0 2150.0
3 2151.0 2152.0
4 2153.0 2154.0
4 2155.0 2156.0
5 2157.0 2158.0
3 2159.0 2160.0
4 2161.0 2162.0
4 2163.0 2164.0
5 2165.0 2166.0
4 2167.0 2168.0
5 2169.0 2170.0
5 2171.0 2172.0
6 2173.0 2174.0
1 2175.0 2176.0
2 2177.0 2178.0
2 2179.0 2180.0
3 2181.0 2182.0
2 2183.0 2184.0
3 2185.0 2186.0
3 2187.0 2188.0
4 2189.0 2190.0
2 2191.0 2192.0
3 2193.0 2194.0
3 2195.0 2196.0
4 2197.0 2198.0
3 2199.0 2200.0
4 2201.0 2202.0
4 2203.0 2204.0
5 2205.0 2206.0
2 2207.0 2208.0
3 2209.0 2210.0
3 2211.0 2212.0
4 2213.0 2214.0
3 2215.0 2216.0
4 2217.0 2218.0
4 2219.0 2220.0
5 2221.0 2222.0
3 2223.0 2224.0
4 2225.0 2226.0
4 2227.0 2228.0
5 2229.0 2230.0
4 2231.0 2232.0
5 2233.0 2234.0
5 2235.0 2236.0
6 2237.0 2238.0
2 2239.0 2240.0
3 2241.0 2242.0
3 2243.0 2244.0
4 2245.0 2246.0
3 2247.0 2248.0
4 2249.0 2250.0
4 2251.0 2252.0
5 2253.0 2254.0
3 2255.0 2256.0
4 2257.0 2258.0
4 2259.0 2260.0
5 2261.0 2262.0
4 2263.0 2264.0
5 2265.0 2266.0
5 2267.0 2268.0
6 2269.0 2270.0
3 2271.0 2272.0
4 2273.0 2274.0
4 2275.0 2276.0
5 2277.0 2278.0
4 2279.0 2280.0
5 2281.0 2282.0
5 2283.0 2284.0
6 2285.0 2286.0
4 2287.0 2288.0
5 2289.0 2290.0
5 2291.0 2292.0
6 2293.0 2294.0
5 2295.0 2296.0
6 2297.0 2298.0
6 2299.0 2300.0
7 2301.0 2302.0
1 2303.0 2304.0
2 2305.0 2306.0
2 2307.0 2308.0
3 2309.0 2310.0
2 2311.0 2312.0
3 2313.0 2314.0
3 2315.0 2316.0
4 2317.0 2318.0
2 2319.0 2320.0
3 2321.0 2322.0
3 2323.0 2324.0
4 2325.0 2326.0
3 2327.0 2328.0
4 2329.0 2330.0
4 2331.0 2332.0
5 2333.0 2334.0
2 2335.0 2336.0
3 2337.0 2338.0
3 2339.0 2340.0
4 2341.0 2342.0
3 2343.0 2344.0
4 2345.0 2346.0
4 2347.0 2348.0
5 2349.0 2350.0
3 2351.0 2352.0
4 2353.0 2354.0
4 2355.0 2356.0
5 2357.0 2358.0
4 2359.0 2360.0
5 2361.0 2362.0
5 2363.0 2364.0
6 2365.0 2366.0
2 2367.0 2368.0
3 2369.0 2370.0
3 2371.0 2372.0
4 2373.0 2374.0
3 2375.0 2376.0
4 2377.0 2378.0
4 2379.0 2380.0
5 2381.0 2382.0
3 2383.0 2384.0
4 2385.0 2386.0
4 2387.0 2388.0
5 2389.0 2390.0
4 2391.0 2392.0
5 2393.0 2394.0
5 2395.0 2396.0
6 2397.0 2398.0
3 2399.0 2400.0
4 2401.0 2402.0
4 2403.0 2404.0
5 2405.0 2406.0
4 2407.0 2408.0
5 2409.0 2410.0
5 2411.0 2412.0
6 2413.0 2414.0
4 2415.0 2416.0
5 2417.0 2418.0
5 2419.0 2420.0
6 2421.0 2422.0
5 2423.0 2424.0
6 2425.0 2426.0
6 2427.0 2428.0
7 2429.0 2430.0
2 2431.0 2432.0
3 2433.0 2434.0
3 2435.0 2436.0
4 2437.0 2438.0
3 2439.0 2440.0
4 2441.0 2442.0
4 2443.0 2444.0
5 2445.0 2446.0
3 2447.0 2448.0
4 2449.0 2450.0
4 2451.0 2452.0
5 2453.0 2454.0
4 2455.0 2456.0
5 2457.0 2458.0
5 2459.0 2460.0
6 2461.0 2462.0
3 2463.0 2464.0
4 2465.0 2466.0
4 2467.0 2468.0
5 2469.0 2470.0
4 2471.0 2472.0
5 2473.0 2474.0
5 2475.0 2476.0
6 2477.0 2478.0
4 2479.0 2480.0
5 2481.0 2482.0
5 2483.0 2484.0
6 2485.0 2486.0
5 2487.0 2488.0
6 2489.0 2490.0
6 2491.0 2492.0
7 2493.0 2494.0
3 2495.0 2496.0
4 2497.0 2498.0
4 2499.0 2500.0
5 2501.0 2502.0
4 2503.0 2504.0
5 2505.0 2506.0
5 2507.0 2508.0
6 2509.0 2510.0
4 2511.0 2512.0
5 2513.0 2514.0
5 2515.0 2516.0
6 2517.0 2518.0
5 2519.0 2520.0
6 2521.0 2522.0
6 2523.0 2524.0
7 2525.0 2526.0
4 2527.0 2528.0
5 2529.0 2530.0
5 2531.0 2532.0
6 2533.0 2534.0
5 2535.0 2536.0
6 2537.0 2538.0
6 2539.0 2540.0
7 2541.0 2542.0
5 2543.0 2544.0
6 2545.0 2546.0
6 2547.0 2548.0
7 2549.0 2550.0
6 2551.0 2552.0
7 2553.0 2554.0
7 2555.0 2556.0
8 2557.0 2558.0
1 2559.0 2560.0
2 2561.0 2562.0
2 2563.0 2564.0
3 2565.0 2566.0
2 2567.0 2568.0
3 2569.0 2570.0
3 2571.0 2572.0
4 2573.0 2574.0
2 2575.0 2576.0
3 2577.0 2578.0
3 2579.0 2580.0
4 2581.0 2582.0
3 2583.0 2584.0
4 2585.0 2586.0
4 2587.0 2588.0
5 2589.0 2590.0
2 2591.0 2592.0
3 2593.0 2594.0
3 2595.0 2596.0
4 2597.0 2598.0
3 2599.0 2600.0
4 2601.0 2602.0
4 2603.0 2604.0
5 2605.0 2606.0
3 2607.0 2608.0
4 2609.0 2610.0
4 2611.0 2612.0
5 2613.0 2614.0
4 2615.0 2616.0
5 2617.0 2618.0
5 2619.0 2620.0
6 2621.0 2622.0
2 2623.0 2624.0
3 2625.0 2626.0
3 2627.0 2628.0
4 2629.0 2630.0
3 2631.0 2632.0
4 2633.0 2634.0
4 2635.0 2636.0
5 2637.0 2638.0
3 2639.0 2640.0
4 2641.0 2642.0
4 2643.0 2644.0
5 2645.0 2646.0
4 2647.0 2648.0
5 2649.0 2650.0
5 2651.0 2652.0
6 2653.0 2654.0
3 2655.0 2656.0
4 2657.0 2658.0
4 2659.0 2660.0
5 2661.0 2662.0
4 2663.0 2664.0
5 2665.0 2666.0
5 2667.0 2668.0
6 2669.0 2670.0
4 2671.0 2672.0
5 2673.0 2674.0
5 2675.0 2676.0
6 2677.0 2678.0
5 2679.0 2680.0
6 2681.0 2682.0
6 2683.0 2684.0
7 2685.0 2686.0
2 2687.0 2688.0
3 2689.0 2690.0
3 2691.0 2692.0
4 2693.0 2694.0
3 2695.0 2696.0
4 2697.0 2698.0
4 2699.0 2700.0
5 2701.0 2702.0
3 2703.0 2704.0
4 2705.0 2706.0
4 2707.0 2708.0
5 2709.0 2710.0
4 2711.0 2712.0
5 2713.0 2714.0
5 2715.0 2716.0
6 2717.0 2718.0
3 2719.0 2720.0
4 2721.0 2722.0
4 2723.0 2724.0
5 2725.0 2726.0
4 2727.0 2728.0
5 2729.0 2730.0
5 2731.0 2732.0
6 2733.0 2734.0
4 2735.0 2736.0
5 2737.0 2738.0
5 2739.0 2740.0
6 2741.0 2742.0
5 2743.0 2744.0
6 2745.0 2746.0
6 2747.0 2748.0
7 2749.0 2750.0
3 2751.0 2752.0
4 2753.0 2754.0
4 2755.0 2756.0
5 2757.0 2758.0
4 2759.0 2760.0
5 2761.0 2762.0
5 2763.0 2764.0
6 2765.0 2766.0
4 2767.0 2768.0
5 2769.0 2770.0
5 2771.0 2772.0
6 2773.0 2774.0
5 2775.0 2776.0
6 2777.0 2778.0
6 2779.0 2780.0
7 2781.0 2782.0
4 2783.0 2784.0
5 2785.0 2786.0
5 2787.0 2788.0
6 2789.0 2790.0
5 2791.0 2792.0
6 2793.0 2794.0
6 2795.0 2796.0
7 2797.0 2798.0
5 2799.0 2800.0
6 2801.0 2802.0
6 2803.0 2804.0
7 2805.0 2806.0
6 2807.0 2808.0
7 2809.0 2810.0
7 2811.0 2812.0
8 2813.0 2814.0
2 2815.0 2816.0
3 2817.0 2818.0
3 2819.0 2820.0
4 2821.0 2822.0
3 2823.0 2824.0
4 2825.0 2826.0
4 2827.0 2828.0
5 2829.0 2830.0
3 2831.0 2832.0
4 2833.0 2834.0
4 2835.0 2836.0
5 2837.0 2838.0
4 2839.0 2840.0
5 2841.0 2842.0
5 2843.0 2844.0
6 2845.0 2846.0
3 2847.0 2848.0
4 2849.0 2850.0
4 2851.0 2852.0
5 2853.0 2854.0
4 2855.0 2856.0
5 2857.0 2858.0
5 2859.0 2860.0
6 2861.0 2862.0
4 2863.0 2864.0
5 2865.0 2866.0
5 2867.0 2868.0
6 2869.0 2870.0
5 2871.0 2872.0
6 2873.0 2874.0
6 2875.0 2876.0
7 2877.0 2878.0
3 2879.0 2880.0
4 2881.0 2882.0
4 2883.0 2884.0
5 2885.0 2886.0
4 2887.0 2888.0
5 2889.0 2890.0
5 2891.0 2892.0
6 2893.0 2894.0
4 2895.0 2896.0
5 2897.0 2898.0
5 2899.0 2900.0
6 2901.0 2902.0
5 2903.0 2904.0
6 2905.0 2906.0
6 2907.0 2908.0
7 2909.0 2910.0
4 2911.0 2912.0
5 2913.0 2914.0
5 2915.0 2916.0
6 2917.0 2918.0
5 2919.0 2920.0
6 2921.0 2922.0
6 2923.0 2924.0
7 2925.0 2926.0
5 2927.0 2928.0
6 2929.0 2930.0
6 2931.0 2932.0
7 2933.0 2934.0
6 2935.0 2936.0
7 2937.0 2938.0
7 2939.0 2940.0
8 2941.0 2942.0
3 2943.0 2944.0
4 2945.0 2946.0
4 2947.0 2948.0
5 2949.0 2950.0
4 2951.0 2952.0
5 2953.0 2954.0
5 2955.0 2956.0
6 2957.0 2958.0
4 2959.0 2960.0
5 2961.0 2962.0
5 2963.0 2964.0
6 2965.0 2966.0
5 2967.0 2968.0
6 2969.0 2970.0
6 2971.0 2972.0
7 2973.0 2974.0
4 2975.0 2976.0
5 2977.0 2978.0
5 2979.0 2980.0
6 2981.0 2982.0
5 2983.0 2984.0
6 2985.0 2986.0
6 2987.0 2988.0
7 2989.0 2990.0
5 2991.0 2992.0
6 2993.0 2994.0
6 2995.0 2996.0
7 2997.0 2998.0
6 2999.0 3000.0
7 3001.0 3002.0
7 3003.0 3004.0
8 3005.0 3006.0
4 3007.0 3008.0
5 3009.0 3010.0
5 3011.0 3012.0
6 3013.0 3014.0
5 3015.0 3016.0
6 3017.0 3018.0
6 3019.0 3020.0
7 3021.0 3022.0
5 3023.0 3024.0
6 3025.0 3026.0
6 3027.0 3028.0
7 3029.0 3030.0
6 3031.0 3032.0
7 3033.0 3034.0
7 3035.0 3036.0
8 3037.0 3038.0
5 3039.0 3040.0
6 3041.0 3042.0
6 3043.0 3044.0
7 3045.0 3046.0
6 3047.0 3048.0
7 3049.0 3050.0
7 3051.0 3052.0
8 3053.0 3054.0
6 3055.0 3056.0
7 3057.0 3058.0
7 3059.0 3060.0
8 3061.0 3062.0
7 3063.0 3064.0
8 3065.0 3066.0
8 3067.0 3068.0
9 3069.0 3070.0
1 3071.0 3072.0
2 3073.0 3074.0
2 3075.0 3076.0
3 3077.0 3078.0
2 3079.0 3080.0
3 3081.0 3082.0
3 3083.0 3084.0
4 3085.0 3086.0
2 3087.0 3088.0
3 3089.0 3090.0
3 3091.0 3092.0
4 3093.0 3094.0
3 3095.0 3096.0
4 3097.0 3098.0
4 3099.0 3100.0
5 3101.0 3102.0
2 3103.0 3104.0
3 3105.0 3106.0
3 3107.0 3108.0
4 3109.0 3110.0
3 3111.0 3112.0
4 3113.0 3114.0
4 3115.0 3116.0
5 3117.0 3118.0
3 3119.0 3120.0
4 3121.0 3122.0
4 3123.0 3124.0
5 3125.0 3126.0
4 3127.0 3128.0
5 3129.0 3130.0
5 3131.0 3132.0
6 3133.0 3134.0
2 3135.0 3136.0
3 3137.0 3138.0
3 3139.0 3140.0
4 3141.0 3142.0
3 3143.0 3144.0
4 3145.0 3146.0
4 3147.0 3148.0
5 3149.0 3150.0
3 3151.0 3152.0
4 3153.0 3154.0
4 3155.0 3156.0
5 3157.0 3158.0
4 3159.0 3160.0
5 3161.0 3162.0
5 3163.0 3164.0
6 3165.0 3166.0
3 3167.0 3168.0
4 3169.0 3170.0
4 3171.0 3172.0
5 3173.0 3174.0
4 3175.0 3176.0
5 3177.0 3178.0
5 3179.0 3180.0
6 3181.0 3182.0
4 3183.0 3184.0
5 3185.0 3186.0
5 3187.0 3188.0
6 3189.0 3190.0
5 3191.0 3192.0
6 3193.0 3194.0
6 3195.0 3196.0
7 3197.0 3198.0
2 3199.0 3200.0
3 3201.0 3202.0
3 3203.0 3204.0
4 3205.0 3206.0
3 3207.0 3208.0
4 3209.0 3210.0
4 3211.0 3212.0
5 3213.0 3214.0
3 3215.0 3216.0
4 3217.0 3218.0
4 3219.0 3220.0
5 3221.0 3222.0
4 3223.0 3224.0
5 3225.0 3226.0
5 3227.0 3228.0
6 3229.0 3230.0
3 3231.0 3232.0
4 3233.0 3234.0
4 3235.0 3236.0
5 3237.0 3238.0
4 3239.0 3240.0
5 3241.0 3242.0
5 3243.0 3244.0
6 3245.0 3246.0
4 3247.0 3248.0
5 3249.0 3250.0
5 3251.0 3252.0
6 3253.0 3254.0
5 3255.0 3256.0
6 3257.0 3258.0
6 3259.0 3260.0
7 3261.0 3262.0
3 3263.0 3264.0
4 3265.0 3266.0
4 3267.0 3268.0
5 3269.0 3270.0
4 3271.0 3272.0
5 3273.0 3274.0
5 3275.0 3276.0
6 3277.0 3278.0
4 3279.0 3280.0
5 3281.0 3282.0
5 3283.0 3284.0
6 3285.0 3286.0
5 3287.0 3288.0
6 3289.0 3290.0
6 3291.0 3292.0
7 3293.0 3294.0
4 3295.0 3296.0
5 3297.0 3298.0
5 3299.0 3300.0
6 3301.0 3302.0
5 3303.0 3304.0
6 3305.0 3306.0
6 3307.0 3308.0
7 3309.0 3310.0
5 3311.0 3312.0
6 3313.0 3314.0
6 3315.0 3316.0
7 3317.0 3318.0
6 3319.0 3320.0
7 3321.0 3322.0
7 3323.0 3324.0
8 3325.0 3326.0
2 3327.0 3328.0
3 3329.0 3330.0
3 3331.0 3332.0
4 3333.0 3334.0
3 3335.0 3336.0
4 3337.0 3338.0
4 3339.0 3340.0
5 3341.0 3342.0
3 3343.0 3344.0
4 3345.0 3346.0
4 3347.0 3348.0
5 3349.0 3350.0
4 3351.0 3352.0
5 3353.0 3354.0
5 3355.0 3356.0
6 3357.0 3358.0
3 3359.0 3360.0
4 3361.0 3362.0
4 3363.0 3364.0
5 3365.0 3366.0
4 3367.0 3368.0
5 3369.0 3370.0
5 3371.0 3372.0
6 3373.0 3374.0
4 3375.0 3376.0
5 3377.0 3378.0
5 3379.0 3380.0
6 3381.0 3382.0
5 3383.0 3384.0
6 3385.0 3386.0
6 3387.0 3388.0
7 3389.0 3390.0
3 3391.0 3392.0
4 3393.0 3394.0
4 3395.0 3396.0
5 3397.0 3398.0
4 3399.0 3400.0
5 3401.0 3402.0
5 3403.0 3404.0
6 3405.0 3406.0
4 3407.0 3408.0
5 3409.0 3410.0
5 3411.0 3412.0
6 3413.0 3414.0
5 3415.0 3416.0
6 3417.0 3418.0
6 3419.0 3420.0
7 3421.0 3422.0
4 3423.0 3424.0
5 3425.0 3426.0
5 3427.0 3428.0
6 3429.0 3430.0
5 3431.0 3432.0
6 3433.0 3434.0
6 3435.0 3436.0
7 3437.0 3438.0
5 3439.0 3440.0
6 3441.0 3442.0
6 3443.0 3444.0
7 3445.0 3446.0
6 3447.0 3448.0
7 3449.0 3450.0
7 3451.0 3452.0
8 3453.0 3454.0
3 3455.0 3456.0
4 3457.0 3458.0
4 3459.0 3460.0
5 3461.0 3462.0
4 3463.0 3464.0
5 3465.0 3466.0
5 3467.0 3468.0
6 3469.0 3470.0
4 3471.0 3472.0
5 3473.0 3474.0
5 3475.0 3476.0
6 3477.0 3478.0
5 3479.0 3480.0
6 3481.0 3482.0
6 3483.0 3484.0
7 3485.0 3486.0
4 3487.0 3488.0
5 3489.0 3490.0
5 3491.0 3492.0
6 3493.0 3494.0
5 3495.0 3496.0
6 3497.0 3498.0
6 3499.0 3500.0
7 3501.0 3502.0
5 3503.0 3504.0
6 3505.0 3506.0
6 3507.0 3508.0
7 3509.0 3510.0
6 3511.0 3512.0
7 3513.0 3514.0
7 3515.0 3516.0
8 3517.0 3518.0
4 3519.0 3520.0
5 3521.0 3522.0
5 3523.0 3524.0
6 3525.0 3526.0
5 3527.0 3528.0
6 3529.0 3530.0
6 3531.0 3532.0
7 3533.0 3534.0
5 3535.0 3536.0
6 3537.0 3538.0
6 3539.0 3540.0
7 3541.0 3542.0
6 3543.0 3544.0
7 3545.0 3546.0
7 3547.0 3548.0
8 3549.0 3550.0
5 3551.0 3552.0
6 3553.0 3554.0
6 3555.0 3556.0
7 3557.0 3558.0
6 3559.0 3560.0
7 3561.0 3562.0
7 3563.0 3564.0
8 3565.0 3566.0
6 3567.0 3568.0
7 3569.0 3570.0
7 3571.0 3572.0
8 3573.0 3574.0
7 3575.0 3576.0
8 3577.0 3578.0
8 3579.0 3580.0
9 3581.0 3582.0
2 3583.0 3584.0
3 3585.0 3586.0
3 3587.0 3588.0
4 3589.0 3590.0
3 3591.0 3592.0
4 3593.0 3594.0
4 3595.0 3596.0
5 3597.0 3598.0
3 3599.0 3600.0
4 3601.0 3602.0
4 3603.0 3604.0
5 3605.0 3606.0
4 3607.0 3608.0
5 3609.0 3610.0
5 3611.0 3612.0
6 3613.0 3614.0
3 3615.0 3616.0
4 3617.0 3618.0
4 3619.0 3620.0
5 3621.0 3622.0
4 3623.0 3624.0
5 3625.0 3626.0
5 3627.0 3628.0
6 3629.0 3630.0
4 3631.0 3632.0
5 3633.0 3634.0
5 3635.0 3636.0
6 3637.0 3638.0
5 3639.0 3640.0
6 3641.0 3642.0
6 3643.0 3644.0
7 3645.0 3646.0
3 3647.0 3648.0
4 3649.0 3650.0
4 3651.0 3652.0
5 3653.0 3654.0
4 3655.0 3656.0
5 3657.0 3658.0
5 3659.0 3660.0
6 3661.0 3662.0
4 3663.0 3664.0
5 3665.0 3666.0
5 3667.0 3668.0
6 3669.0 3670.0
5 3671.0 3672.0
6 3673.0 3674.0
6 3675.0 3676.0
7 3677.0 3678.0
4 3679.0 3680.0
5 3681.0 3682.0
5 3683.0 3684.0
6 3685.0 3686.0
5 3687.0 3688.0
6 3689.0 3690.0
6 3691.0 3692.0
7 3693.0 3694.0
5 3695.0 3696.0
6 3697.0 3698.0
6 3699.0 3700.0
7 3701.0 3702.0
6 3703.0 3704.0
7 3705.0 3706.0
7 3707.0 3708.0
8 3709.0 3710.0
3 3711.0 3712.0
4 3713.0 3714.0
4 3715.0 3716.0
5 3717.0 3718.0
4 3719.0 3720.0
5 3721.0 3722.0
5 3723.0 3724.0
6 3725.0 3726.0
4 3727.0 3728.0
5 3729.0 3730.0
5 3731.0 3732.0
6 3733.0 3734.0
5 3735.0 3736.0
6 3737.0 3738.0
6 3739.0 3740.0
7 3741.0 3742.0
4 3743.0 3744.0
5 3745.0 3746.0
5 3747.0 3748.0
6 3749.0 3750.0
5 3751.0 3752.0
6 3753.0 3754.0
6 3755.0 3756.0
7 3757.0 3758.0
5 3759.0 3760.0
6 3761.0 3762.0
6 3763.0 3764.0
7 3765.0 3766.0
6 3767.0 3768.0
7 3769.0 3770.0
7 3771.0 3772.0
8 3773.0 3774.0
4 3775.0 3776.0
5 3777.0 3778.0
5 3779.0 3780.0
6 3781.0 3782.0
5 3783.0 3784.0
6 3785.0 3786.0
6 3787.0 3788.0
7 3789.0 3790.0
5 3791.0 3792.0
6 3793.0 3794.0
6 3795.0 3796.0
7 3797.0 3798.0
6 3799.0 3800.0
7 3801.0 3802.0
7 3803.0 3804.0
8 3805.0 3806.0
5 3807.0 3808.0
6 3809.0 3810.0
6 3811.0 3812.0
7 3813.0 3814.0
6 3815.0 3816.0
7 3817.0 3818.0
7 3819.0 3820.0
8 3821.0 3822.0
6 3823.0 3824.0
7 3825.0 3826.0
7 3827.0 3828.0
8 3829.0 3830.0
7 3831.0 3832.0
8 3833.0 3834.0
8 3835.0 3836.0
9 3837.0 3838.0
3 3839.0 3840.0
4 3841.0 3842.0
4 3843.0 3844.0
5 3845.0 3846.0
4 3847.0 3848.0
5 3849.0 3850.0
5 3851.0 3852.0
6 3853.0 3854.0
4 3855.0 3856.0
5 3857.0 3858.0
5 3859.0 3860.0
6 3861.0 3862.0
5 3863.0 3864.0
6 3865.0 3866.0
6 3867.0 3868.0
7 3869.0 3870.0
4 3871.0 3872.0
5 3873.0 3874.0
5 3875.0 3876.0
6 3877.0 3878.0
5 3879.0 3880.0
6 3881.0 3882.0
6 3883.0 3884.0
7 3885.0 3886.0
5 3887.0 3888.0
6 3889.0 3890.0
6 3891.0 3892.0
7 3893.0 3894.0
6 3895.0 3896.0
7 3897.0 3898.0
7 3899.0 3900.0
8 3901.0 3902.0
4 3903.0 3904.0
5 3905.0 3906.0
5 3907.0 3908.0
6 3909.0 3910.0
5 3911.0 3912.0
6 3913.0 3914.0
6 3915.0 3916.0
7 3917.0 3918.0
5 3919.0 3920.0
6 3921.0 3922.0
6 3923.0 3924.0
7 3925.0 3926.0
6 3927.0 3928.0
7 3929.0 3930.0
7 3931.0 3932.0
8 3933.0 3934.0
5 3935.0 3936.0
6 3937.0 3938.0
6 3939.0 3940.0
7 3941.0 3942.0
6 3943.0 3944.0
7 3945.0 3946.0
7 3947.0 3948.0
8 3949.0 3950.0
6 3951.0 3952.0
7 3953.0 3954.0
7 3955.0 3956.0
8 3957.0 3958.0
7 3959.0 3960.0
8 3961.0 3962.0
8 3963.0 3964.0
9 3965.0 3966.0
4 3967.0 3968.0
5 3969.0 3970.0
5 3971.0 3972.0
6 3973.0 3974.0
5 3975.0 3976.0
6 3977.0 3978.0
6 3979.0 3980.0
7 3981.0 3982.0
5 3983.0 3984.0
6 3985.0 3986.0
6 3987.0 3988.0
7 3989.0 3990.0
6 3991.0 3992.0
7 3993.0 3994.0
7 3995.0 3996.0
8 3997.0 3998.0
5 3999.0 4000.0
6 4001.0 4002.0
6 4003.0 4004.0
7 4005.0 4006.0
6 4007.0 4008.0
7 4009.0 4010.0
7 4011.0 4012.0
8 4013.0 4014.0
6 4015.0 4016.0
7 4017.0 4018.0
7 4019.0 4020.0
8 4021.0 4022.0
7 4023.0 4024.0
8 4025.0 4026.0
8 4027.0 4028.0
9 4029.0 4030.0
5 4031.0 4032.0
6 4033.0 4034.0
6 4035.0 4036.0
7 4037.0 4038.0
6 4039.0 4040.0
7 4041.0 4042.0
7 4043.0 4044.0
8 4045.0 4046.0
6 4047.0 4048.0
7 4049.0 4050.0
7 4051.0 4052.0
8 4053.0 4054.0
7 4055.0 4056.0
8 4057.0 4058.0
8 4059.0 4060.0
9 4061.0 4062.0
6 4063.0 4064.0
7 4065.0 4066.0
7 4067.0 4068.0
8 4069.0 4070.0
7 4071.0 4072.0
8 4073.0 4074.0
8 4075.0 4076.0
9 4077.0 4078.0
7 4079.0 4080.0
8 4081.0 4082.0
8 4083.0 4084.0
9 4085.0 4086.0
8 4087.0 4088.0
9 4089.0 4090.0
9 4091.0 4092.0
10 4093.0 inf
