0 0.0 inf
0 1.0 2.0
0 3.0 4.0
1 5.0 6.0
0 7.0 8.0
1 9.0 10.0
1 11.0 12.0
2 13.0 14.0
0 15.0 16.0
1 17.0 18.0
1 19.0 20.0
2 21.0 22.0
1 23.0 24.0
2 25.0 26.0
2 27.0 28.0
3 29.0 30.0
0 31.0 32.0
1 33.0 34.0
1 35.0 36.0
2 37.0 38.0
1 39.0 40.0
2 41.0 42.0
2 43.0 44.0
3 45.0 46.0
1 47.0 48.0
2 49.0 50.0
2 51.0 52.0
3 53.0 54.0
2 55.0 56.0
3 57.0 58.0
3 59.0 60.0
4 61.0 62.0
0 63.0 64.0
1 65.0 66.0
1 67.0 68.0
2 69.0 70.0
1 71.0 72.0
2 73.0 74.0
2 75.0 76.0
3 77.0 78.0
1 79.0 80.0
2 81.0 82.0
2 83.0 84.0
3 85.0 86.0
2 87.0 88.0
3 89.0 90.0
3 91.0 92.0
4 93.0 94.0
1 95.0 96.0
2 97.0 98.0
2 99.0 100.0
3 101.0 102.0
2 103.0 104.0
3 105.0 106.0
3 107.0 108.0
4 109.0 110.0
2 111.0 112.0
3 113.0 114.0
3 115.0 116.0
4 117.0 118.0
3 119.0 120.0
4 121.0 122.0
4 123.0 124.0
5 125.0 126.0
0 127.0 128.0
1 129.0 130.0
1 131.0 132.0
2 133.0 134.0
1 135.0 136.0
2 137.0 138.0
2 139.0 140.0
3 141.0 142.0
1 143.0 144.0
2 145.0 146.0
2 147.0 148.0
3 149.0 150.0
2 151.0 152.0
3 153.0 154.0
3 155.0 156.0
4 157.0 158.0
1 159.0 160.0
2 161.0 162.0
2 163.0 164.0
3 165.0 166.0
2 167.0 168.0
3 169.0 170.0
3 171.0 172.0
4 173.0 174.0
2 175.0 176.0
3 177.0 178.0
3 179.0 180.0
4 181.0 182.0
3 183.0 184.0
4 185.0 186.0
4 187.0 188.0
5 189.0 190.0
1 191.0 192.0
2 193.0 194.0
2 195.0 196.0
3 197.0 198.0
2 199.0 200.0
3 201.0 202.0
3 203.0 204.0
4 205.0 206.0
2 207.0 208.0
3 209.0 210.0
3 211.0 212.0
4 213.0 214.0
3 215.0 216.0
4 217.0 218.0
4 219.0 220.0
5 221.0 222.0
2 223.0 224.0
3 225.0 226.0
3 227.0 228.0
4 229.0 230.0
3 231.0 232.0
4 233.0 234.0
4 235.0 236.0
5 237.0 238.0
3 239.0 240.0
4 241.0 242.0
4 243.0 244.0
5 245.0 246.0
4 247.0 248.0
5 249.0 250.0
5 251.0 252.0
6 253.0 254.0
0 255.0 256.0
1 257.0 258.0
1 259.0 260.0
2 261.0 262.0
1 263.0 264.0
2 265.0 266.0
2 267.0 268.0
3 269.0 270.0
1 271.0 272.0
2 273.0 274.0
2 275.0 276.0
3 277.0 278.0
2 279.0 280.0
3 281.0 282.0
3 283.0 284.0
4 285.0 286.0
1 287.0 288.0
2 289.0 290.0
2 291.0 292.0
3 293.0 294.0
2 295.0 296.0
3 297.0 298.0
3 299.0 300.0
4 301.0 302.0
2 303.0 304.0
3 305.0 306.0
3 307.0 308.0
4 309.0 310.0
3 311.0 312.0
4 313.0 314.0
4 315.0 316.0
5 317.0 318.0
1 319.0 320.0
2 321.0 322.0
2 323.0 324.0
3 325.0 326.0
2 327.0 328.0
3 329.0 330.0
3 331.0 332.0
4 333.0 334.0
2 335.0 336.0
3 337.0 338.0
3 339.0 340.0
4 341.0 342.0
3 343.0 344.0
4 345.0 346.0
4 347.0 348.0
5 349.0 350.0
2 351.0 352.0
3 353.0 354.0
3 355.0 356.0
4 357.0 358.0
3 359.0 360.0
4 361.0 362.0
4 363.0 364.0
5 365.0 366.0
3 367.0 368.0
4 369.0 370.0
4 371.0 372.0
5 373.0 374.0
4 375.0 376.0
5 377.0 378.0
5 379.0 380.0
6 381.0 382.0
1 383.0 384.0
2 385.0 386.0
2 387.0 388.0
3 389.0 390.0
2 391.0 392.0
3 393.0 394.0
3 395.0 396.0
4 397.0 398.0
2 399.0 400.0
3 401.0 402.0
3 403.0 404.0
4 405.0 406.0
3 407.0 408.0
4 409.0 410.0
4 411.0 412.0
5 413.0 414.0
2 415.0 416.0
3 417.0 418.0
3 419.0 420.0
4 421.0 422.0
3 423.0 424.0
4 425.0 426.0
4 427.0 428.0
5 429.0 430.0
3 431.0 432.0
4 433.0 434.0
4 435.0 436.0
5 437.0 438.0
4 439.0 440.0
5 441.0 442.0
5 443.0 444.0
6 445.0 446.0
2 447.0 448.0
3 449.0 450.0
3 451.0 452.0
4 453.0 454.0
3 455.0 456.0
4 457.0 458.0
4 459.0 460.0
5 461.0 462.0
3 463.0 464.0
4 465.0 466.0
4 467.0 468.0
5 469.0 470.0
4 471.0 472.0
5 473.0 474.0
5 475.0 476.0
6 477.0 478.0
3 479.0 480.0
4 481.0 482.0
4 483.0 484.0
5 485.0 486.0
4 487.0 488.0
5 489.0 490.0
5 491.0 492.0
6 493.0 494.0
4 495.0 496.0
5 497.0 498.0
5 499.0 500.0
6 501.0 502.0
5 503.0 504.0
6 505.0 506.0
6 507.0 508.0
7 509.0 510.0
